0.0  0.0  0.0  0.0  0.0  0.0582
0.1  0.932861335052  9.32861335052  93.2861335052  5.42925297  0.0572136
0.2  3.94972459347  30.1686325841  208.400192336  11.9233252442  0.0551586
0.3  7.74541706826  37.9569247479  77.8829216381  4.29591292147  0.0543366
0.4  12.2236797144  44.7826264617  68.2570171371  3.70885423737  0.0535968
0.5  17.376397359  51.527176446  67.4454998437  3.61486296603  0.052857
0.6  23.192351148  58.1595378895  66.3236144345  3.50566728816  0.0521172
0.7  29.6573235573  64.649724093  64.901862035  3.38250332405  0.0513774
0.8  36.7542599607  70.9693640338  63.1963994083  3.24686669096  0.0506376
0.9  44.4634828879  77.0922292726  61.2286523884  3.10047200818  0.0498978
1.0  52.7629530226  82.9947013464  59.0247207372  2.9452037104  0.049158
1.1  61.6285691952  88.6561617268  56.6146038043  2.78306069381  0.0484182
1.2  71.0344982499  94.0592905464  54.0312881959  2.61609771812  0.0476784
1.3  80.953524775  99.190265251  51.3097470462  2.44636664357  0.0469386
1.4  91.3148014915  103.612767166  44.2250191467  2.07586048372  0.04623168
1.5  102.091810952  107.770094609  41.5732744378  1.92200232036  0.04552476
1.6  113.257925297  111.661143443  38.9104883324  1.77139064282  0.04481784
1.7  124.786675473  115.287501759  36.263583161  1.62525546794  0.04411092
1.8  136.651996645  118.653211726  33.6570996767  1.48464563127  0.043404
1.9  147.837754101  111.857574557  -67.9563716949  -2.94957835705  0.043404
2.0  158.408648704  105.708946026  -61.4862853092  -2.66875072756  0.043404
2.1  168.419933848  100.112851443  -55.9609458312  -2.42892889286  0.043404
2.2  177.919183029  94.9924918083  -51.2035963463  -2.22244089581  0.043404
2.3  186.947659006  90.2847597725  -47.0773203584  -2.04334401284  0.043404
2.4  195.541388313  85.9372930737  -43.4746669873  -1.88697444592  0.043404
2.5  203.732014498  81.906261849  -40.3103122473  -1.74962879278  0.043404
2.6  211.547482906  78.1546840742  -37.5157777477  -1.62833481736  0.043404
2.7  219.012595608  74.6511270272  -35.0355704703  -1.52068390069  0.043404
2.8  226.149465099  71.3686949098  -32.8243211736  -1.42470683622  0.043404
2.9  232.977888234  68.2842313469  -30.8446356292  -1.33878056485  0.043404
3.0  239.515656749  65.3776851451  -29.065462018  -1.26155731343  0.043404
3.1  245.778816893  62.631601445  -27.4608370015  -1.19191016921  0.043404
3.2  251.781887908  60.0307101473  -26.0089129767  -1.12889085884  0.043404
3.3  257.538046958  57.5615905015  -24.6911964577  -1.07169669105  0.043404
3.4  263.059286542  55.212395839  -23.4919466259  -1.01964445135  0.043404
3.5  268.35654916  52.972626183  -22.3976965596  -0.972149621471  0.043404
3.6  273.439843086  50.8329392559  -21.3968692708  -0.92870971383  0.043404
3.7  278.318342335  48.7849924936  -20.4794676234  -0.888890812726  0.043404
3.8  283.000473362  46.821310266  -19.6368222756  -0.852316634049  0.043404
3.9  287.493990533  44.9351717131  -18.8613855297  -0.818659577532  0.043404
4.0  291.806042087  43.1205155378  -18.1465617522  -0.787633366294  0.043404
4.1  295.943227969  41.3718588262  -17.4865671162  -0.758986959113  0.043404
4.2  299.911650722  39.6842275262  -16.8763129996  -0.732499489436  0.043404
4.3  303.716960389  38.0530966684  -16.3113085784  -0.707976037535  0.043404
4.4  307.364394265  36.4743387604  -15.7875790802  -0.685244082399  0.043404
4.5  310.858812172  34.944179072  -15.3015968834  -0.664150511127  0.043404
4.6  314.204727847  33.4591567519  -14.8502232014  -0.644559087834  0.043404
4.7  317.406336937  32.0160908984  -14.4306585353  -0.626348303067  0.043404
4.8  320.467542023  30.6120508565  -14.0404004189  -0.609409539782  0.043404
4.9  323.391975036  29.2443301308  -13.6772072567  -0.59364550377  0.043404
5.0  326.183017376  27.9104234035  -13.3390672732  -0.578968875925  0.043404
5.1  328.843817999  26.6080062268  -13.0241717668  -0.565301151368  0.043404
5.2  331.377309702  25.3349170264  -12.7308920037  -0.552571636527  0.043404
5.3  333.786223812  24.0891411066  -12.4577591984  -0.540716580246  0.043404
5.4  336.073103452  22.8687963941  -12.2034471255  -0.529678419037  0.043404
5.5  338.240315521  21.6721206963  -11.9667569775  -0.519405119852  0.043404
5.6  340.290061549  20.4974602814  -11.7466041487  -0.50984960647  0.043404
5.7  342.224387511  19.3432596138  -11.5420066767  -0.500969257796  0.043404
5.8  344.045192721  18.2080521024  -11.3520751136  -0.492725468231  0.043404
5.9  345.754237895  17.0904517389  -11.1760036347  -0.48508326176  0.043404
6.0  347.353152447  15.9891455167  -11.0130622224  -0.478010952702  0.043404
6.1  348.8434411  14.902886538  -10.862589787  -0.471479847113  0.043404
6.2  350.226489873  13.8304877275  -10.7239881052  -0.465463979717  0.043404
6.3  351.503571481  12.7708160797  -10.5967164778  -0.459939882002  0.043404
6.4  352.675850219  11.7227873779  -10.4802870182  -0.454886377736  0.043404
6.5  353.744386352  10.685361328  -10.3742604992  -0.450284402706  0.043404
6.6  354.710140057  9.65753705849  -10.2782426948  -0.446116845924  0.043404
6.7  355.573974952  8.63834894229  -10.1918811619  -0.442368409953  0.043404
6.8  356.336661222  7.62686270065  -10.1148624164  -0.439025488322  0.043404
6.9  356.998878397  6.62217175444  -10.0469094621  -0.436076058295  0.043404
7.0  357.561217776  5.62339379039  -9.98777964047  -0.433509587515  0.043404
7.1  358.024184528  4.62966751345  -9.9372627694  -0.431316953243  0.043404
7.2  358.388199483  3.6401495586  -9.89517954848  -0.429490373122  0.043404
7.3  358.653600637  2.6540115378  -9.86138020801  -0.428023346548  0.043404
7.4  358.820644357  1.67043719928  -9.8357433852  -0.426910605891  0.043404
7.5  358.889506325  0.688619678009  -9.81817521271  -0.426148076933  0.043404
